<?xml version="1.0" encoding="UTF-8"?>
<testsuite xmlns:xsi="http://www.w3.org/2001/XMLSchema-instance" xsi:noNamespaceSchemaLocation="https://maven.apache.org/surefire/maven-surefire-plugin/xsd/surefire-test-report-3.0.xsd" version="3.0" name="fr.istic.vv.StringUtilsTest" time="0.105" tests="18" errors="0" skipped="0" failures="0">
  <properties>
[...]
</properties>
  <testcase name="testIsBalanced_F10" classname="fr.istic.vv.StringUtilsTest" time="0.039"/>
  <testcase name="testIsBalanced_F11" classname="fr.istic.vv.StringUtilsTest" time="0.002"/>
  <testcase name="testIsBalanced_F12" classname="fr.istic.vv.StringUtilsTest" time="0.001"/>
  <testcase name="testIsBalanced_F1" classname="fr.istic.vv.StringUtilsTest" time="0.002"/>
  <testcase name="testIsBalanced_F2" classname="fr.istic.vv.StringUtilsTest" time="0.001"/>
  <testcase name="testIsBalanced_F3" classname="fr.istic.vv.StringUtilsTest" time="0.002"/>
  <testcase name="testIsBalanced_F4" classname="fr.istic.vv.StringUtilsTest" time="0.001"/>
  <testcase name="testIsBalanced_F5" classname="fr.istic.vv.StringUtilsTest" time="0.003"/>
  <testcase name="testIsBalanced_F6" classname="fr.istic.vv.StringUtilsTest" time="0.002"/>
  <testcase name="testIsBalanced_F7" classname="fr.istic.vv.StringUtilsTest" time="0.001"/>
  <testcase name="testIsBalanced_F8" classname="fr.istic.vv.StringUtilsTest" time="0.001"/>
  <testcase name="testIsBalanced_F9" classname="fr.istic.vv.StringUtilsTest" time="0.001"/>
  <testcase name="testIsBalanced_T1" classname="fr.istic.vv.StringUtilsTest" time="0.002"/>
  <testcase name="testIsBalanced_T2" classname="fr.istic.vv.StringUtilsTest" time="0.001"/>
  <testcase name="testIsBalanced_T3" classname="fr.istic.vv.StringUtilsTest" time="0.002"/>
  <testcase name="testIsBalanced_T4" classname="fr.istic.vv.StringUtilsTest" time="0.001"/>
  <testcase name="testIsBalanced_T5" classname="fr.istic.vv.StringUtilsTest" time="0.001"/>
  <testcase name="testIsBalanced_T6" classname="fr.istic.vv.StringUtilsTest" time="0.001"/>
</testsuite>